This is LuaHBTeX, Version 1.18.0 (TeX Live 2024/Arch Linux)  (format=lualatex 2025.3.9)  12 MAY 2025 15:19
 system commands enabled.
**PRETAS.tex
(./PRETAS.tex
LaTeX2e <2023-11-01> patch level 1
L3 programming layer <2024-02-20>
Lua module: luaotfload 2024-02-14 3.28 Lua based OpenType font support
Lua module: lualibs 2023-07-13 2.76 ConTeXt Lua standard libraries.
Lua module: lualibs-extended 2023-07-13 2.76 ConTeXt Lua libraries -- extended c
ollection.
luaotfload | conf : Root cache directory is "/home/casa/.texlive/texmf-var/luate
x-cache/generic/names".
luaotfload | init : Loading fontloader "fontloader-2023-12-28.lua" from kpse-res
olved path "/usr/share/texmf-dist/tex/luatex/luaotfload/fontloader-2023-12-28.lu
a".
Lua-only attribute luaotfload@noligature = 1
luaotfload | init : Context OpenType loader version 3.134
Inserting `luaotfload.node_processor' in `pre_linebreak_filter'.
Inserting `luaotfload.node_processor' in `hpack_filter'.
Inserting `luaotfload.glyph_stream' in `glyph_stream_provider'.
Inserting `luaotfload.define_font' in `define_font'.
Lua-only attribute luaotfload_color_attribute = 2
luaotfload | conf : Root cache directory is "/home/casa/.texlive/texmf-var/luate
x-cache/generic/names".
Inserting `luaotfload.harf.strip_prefix' in `find_opentype_file'.
Inserting `luaotfload.harf.strip_prefix' in `find_truetype_file'.
Removing  `luaotfload.glyph_stream' from `glyph_stream_provider'.
Inserting `luaotfload.harf.glyphstream' in `glyph_stream_provider'.
Inserting `luaotfload.harf.finalize_vlist' in `post_linebreak_filter'.
Inserting `luaotfload.harf.finalize_hlist' in `hpack_filter'.
Inserting `luaotfload.cleanup_files' in `wrapup_run'.
Inserting `luaotfload.harf.finalize_unicode' in `finish_pdffile'.
Inserting `luaotfload.glyphinfo' in `glyph_info'.
Lua-only attribute luaotfload.letterspace_done = 3
Inserting `luaotfload.aux.set_sscale_dimens' in `luaotfload.patch_font'.
Inserting `luaotfload.aux.set_font_index' in `luaotfload.patch_font'.
Inserting `luaotfload.aux.patch_cambria_domh' in `luaotfload.patch_font'.
Inserting `luaotfload.aux.fixup_fontdata' in `luaotfload.patch_font_unsafe'.
Inserting `luaotfload.aux.set_capheight' in `luaotfload.patch_font'.
Inserting `luaotfload.aux.set_xheight' in `luaotfload.patch_font'.
Inserting `luaotfload.rewrite_fontname' in `luaotfload.patch_font'.
Inserting `tracingstacklevels' in `input_level_string'.

! LaTeX Error: Missing \begin{document}.

See the LaTeX manual or LaTeX Companion for explanation.
Type  H <return>  for immediate help.
 ...                                              
                                                  
l.1 \textbf{Autor}
                 Lorem ipsum dolor sit amet, consectetur adipisicing elit, s...
You're in trouble here.  Try typing  <return>  to proceed.
If that doesn't work, type  X <return>  to quit.

luaotfload | db : Font names database loaded from /home/casa/.texlive/texmf-var/
luatex-cache/generic/names/luaotfload-names.luc.gz
Overfull \hbox (38.59pt too wide) in paragraph at lines 1--2
[]\TU/lmr/bx/n/10 Au-
 []


Overfull \hbox (14.96pt too wide) in paragraph at lines 1--2
\TU/lmr/bx/n/10 tor
 []


! LaTeX Error: Missing \begin{document}.

See the LaTeX manual or LaTeX Companion for explanation.
Type  H <return>  for immediate help.
 ...                                              
                                                  
l.3 \textbf{Livro}
                 Lorem ipsum dolor sit amet, consectetur adipisicing elit, s...
You're in trouble here.  Try typing  <return>  to proceed.
If that doesn't work, type  X <return>  to quit.


Overfull \hbox (46.67001pt too wide) in paragraph at lines 3--4
[]\TU/lmr/bx/n/10 Livro
 []


! LaTeX Error: Missing \begin{document}.

See the LaTeX manual or LaTeX Companion for explanation.
Type  H <return>  for immediate help.
 ...                                              
                                                  
l.5 \textbf{Colaborador 1}
                         \lipsum[3]
You're in trouble here.  Try typing  <return>  to proceed.
If that doesn't work, type  X <return>  to quit.

! Undefined control sequence.
l.5 \textbf{Colaborador 1} \lipsum
                                [3]
The control sequence at the end of the top line
of your error message was never \def'ed. If you have
misspelled it (e.g., `\hobx'), type `I' and the correct
spelling (e.g., `I\hbox'). Otherwise just continue,
and I'll forget about whatever was undefined.


Overfull \hbox (37.89pt too wide) in paragraph at lines 5--6
[]\TU/lmr/bx/n/10 Co-
 []


Overfull \hbox (19.0pt too wide) in paragraph at lines 5--6
\TU/lmr/bx/n/10 lab-
 []


Overfull \hbox (9.58pt too wide) in paragraph at lines 5--6
\TU/lmr/bx/n/10 o-
 []


Overfull \hbox (27.21pt too wide) in paragraph at lines 5--6
\TU/lmr/bx/n/10 rador
 []


Overfull \hbox (5.75pt too wide) in paragraph at lines 5--6
\TU/lmr/bx/n/10 1
 []


! LaTeX Error: Missing \begin{document}.

See the LaTeX manual or LaTeX Companion for explanation.
Type  H <return>  for immediate help.
 ...                                              
                                                  
l.7 \textbf{Colaborador 2}
                         \lipsum[4]
You're in trouble here.  Try typing  <return>  to proceed.
If that doesn't work, type  X <return>  to quit.

! Undefined control sequence.
l.7 \textbf{Colaborador 2} \lipsum
                                [4]
The control sequence at the end of the top line
of your error message was never \def'ed. If you have
misspelled it (e.g., `\hobx'), type `I' and the correct
spelling (e.g., `I\hbox'). Otherwise just continue,
and I'll forget about whatever was undefined.


Overfull \hbox (37.89pt too wide) in paragraph at lines 7--8
[]\TU/lmr/bx/n/10 Co-
 []


Overfull \hbox (19.0pt too wide) in paragraph at lines 7--8
\TU/lmr/bx/n/10 lab-
 []


Overfull \hbox (9.58pt too wide) in paragraph at lines 7--8
\TU/lmr/bx/n/10 o-
 []


Overfull \hbox (27.21pt too wide) in paragraph at lines 7--8
\TU/lmr/bx/n/10 rador
 []


Overfull \hbox (5.75pt too wide) in paragraph at lines 7--8
\TU/lmr/bx/n/10 2
 []

)
! Emergency stop.
<*> PRETAS.tex
           
*** (job aborted, no legal \end found)



Here is how much of LuaTeX's memory you used:
 21 strings out of 476447
 100000,1977958 words of node,token memory allocated 7594 words of node memory still in use:
   22 hlist, 7 disc, 4 local_par, 1 dir, 180 glue, 8 kern, 15 penalty, 804 glyph
, 14 attribute, 39 glue_spec, 14 attribute_list nodes
   avail lists: 2:5,4:69,5:3,7:7,10:68
 22235 multiletter control sequences out of 65536+600000
 15 fonts using 723367 bytes
 18i,1n,20p,518b,70s stack positions out of 10000i,1000n,20000p,200000b,200000s
!  ==> Fatal error occurred, no output PDF file produced!
