This is LuaHBTeX, Version 1.18.0 (TeX Live 2024/Arch Linux)  (format=lualatex 2025.3.9)  12 MAY 2025 15:23
 system commands enabled.
**3-rosto.tex
(./3-rosto.tex
LaTeX2e <2023-11-01> patch level 1
L3 programming layer <2024-02-20>
Lua module: luaotfload 2024-02-14 3.28 Lua based OpenType font support
Lua module: lualibs 2023-07-13 2.76 ConTeXt Lua standard libraries.
Lua module: lualibs-extended 2023-07-13 2.76 ConTeXt Lua libraries -- extended c
ollection.
luaotfload | conf : Root cache directory is "/home/casa/.texlive/texmf-var/luate
x-cache/generic/names".
luaotfload | init : Loading fontloader "fontloader-2023-12-28.lua" from kpse-res
olved path "/usr/share/texmf-dist/tex/luatex/luaotfload/fontloader-2023-12-28.lu
a".
Lua-only attribute luaotfload@noligature = 1
luaotfload | init : Context OpenType loader version 3.134
Inserting `luaotfload.node_processor' in `pre_linebreak_filter'.
Inserting `luaotfload.node_processor' in `hpack_filter'.
Inserting `luaotfload.glyph_stream' in `glyph_stream_provider'.
Inserting `luaotfload.define_font' in `define_font'.
Lua-only attribute luaotfload_color_attribute = 2
luaotfload | conf : Root cache directory is "/home/casa/.texlive/texmf-var/luate
x-cache/generic/names".
Inserting `luaotfload.harf.strip_prefix' in `find_opentype_file'.
Inserting `luaotfload.harf.strip_prefix' in `find_truetype_file'.
Removing  `luaotfload.glyph_stream' from `glyph_stream_provider'.
Inserting `luaotfload.harf.glyphstream' in `glyph_stream_provider'.
Inserting `luaotfload.harf.finalize_vlist' in `post_linebreak_filter'.
Inserting `luaotfload.harf.finalize_hlist' in `hpack_filter'.
Inserting `luaotfload.cleanup_files' in `wrapup_run'.
Inserting `luaotfload.harf.finalize_unicode' in `finish_pdffile'.
Inserting `luaotfload.glyphinfo' in `glyph_info'.
Lua-only attribute luaotfload.letterspace_done = 3
Inserting `luaotfload.aux.set_sscale_dimens' in `luaotfload.patch_font'.
Inserting `luaotfload.aux.set_font_index' in `luaotfload.patch_font'.
Inserting `luaotfload.aux.patch_cambria_domh' in `luaotfload.patch_font'.
Inserting `luaotfload.aux.fixup_fontdata' in `luaotfload.patch_font_unsafe'.
Inserting `luaotfload.aux.set_capheight' in `luaotfload.patch_font'.
Inserting `luaotfload.aux.set_xheight' in `luaotfload.patch_font'.
Inserting `luaotfload.rewrite_fontname' in `luaotfload.patch_font'.
Inserting `tracingstacklevels' in `input_level_string'.
! Undefined control sequence.
l.37             {\formular
                         
The control sequence at the end of the top line
of your error message was never \def'ed. If you have
misspelled it (e.g., `\hobx'), type `I' and the correct
spelling (e.g., `I\hbox'). Otherwise just continue,
and I'll forget about whatever was undefined.

! Undefined control sequence.
l.38               \huge
                      
The control sequence at the end of the top line
of your error message was never \def'ed. If you have
misspelled it (e.g., `\hobx'), type `I' and the correct
spelling (e.g., `I\hbox'). Otherwise just continue,
and I'll forget about whatever was undefined.


! LaTeX Error: Missing \begin{document}.

See the LaTeX manual or LaTeX Companion for explanation.
Type  H <return>  for immediate help.
 ...                                              
                                                  
l.39               \noindent
                          
You're in trouble here.  Try typing  <return>  to proceed.
If that doesn't work, type  X <return>  to quit.

luaotfload | db : Font names database loaded from /home/casa/.texlive/texmf-var/
luatex-cache/generic/names/luaotfload-names.luc.gz
Overfull \hbox (15.02pt too wide) in paragraph at lines 39--41
\TU/lmr/bx/n/10 Tí-
 []


Overfull \hbox (19.8pt too wide) in paragraph at lines 39--41
\TU/lmr/bx/n/10 tulo 
 []


! LaTeX Error: Missing \begin{document}.

See the LaTeX manual or LaTeX Companion for explanation.
Type  H <return>  for immediate help.
 ...                                              
                                                  
l.44               \noindent
                          {}{\LARGE Título na língua indígena}}
You're in trouble here.  Try typing  <return>  to proceed.
If that doesn't work, type  X <return>  to quit.

! Undefined control sequence.
l.44               \noindent{}{\LARGE
                                    Título na língua indígena}}
The control sequence at the end of the top line
of your error message was never \def'ed. If you have
misspelled it (e.g., `\hobx'), type `I' and the correct
spelling (e.g., `I\hbox'). Otherwise just continue,
and I'll forget about whatever was undefined.

! Undefined control sequence.
l.48               {\formular
                           \Large
The control sequence at the end of the top line
of your error message was never \def'ed. If you have
misspelled it (e.g., `\hobx'), type `I' and the correct
spelling (e.g., `I\hbox'). Otherwise just continue,
and I'll forget about whatever was undefined.

! Undefined control sequence.
l.48               {\formular\Large
                                 
The control sequence at the end of the top line
of your error message was never \def'ed. If you have
misspelled it (e.g., `\hobx'), type `I' and the correct
spelling (e.g., `I\hbox'). Otherwise just continue,
and I'll forget about whatever was undefined.


! LaTeX Error: Missing \begin{document}.

See the LaTeX manual or LaTeX Companion for explanation.
Type  H <return>  for immediate help.
 ...                                              
                                                  
l.49               \noindent
                          {}Autor
You're in trouble here.  Try typing  <return>  to proceed.
If that doesn't work, type  X <return>  to quit.

! Undefined control sequence.
l.54               {\small
                        
The control sequence at the end of the top line
of your error message was never \def'ed. If you have
misspelled it (e.g., `\hobx'), type `I' and the correct
spelling (e.g., `I\hbox'). Otherwise just continue,
and I'll forget about whatever was undefined.


! LaTeX Error: Missing \begin{document}.

See the LaTeX manual or LaTeX Companion for explanation.
Type  H <return>  for immediate help.
 ...                                              
                                                  
l.55               \noindent
                          {}Colaborador 1 (\textit{organização e
You're in trouble here.  Try typing  <return>  to proceed.
If that doesn't work, type  X <return>  to quit.


Overfull \hbox (12.91pt too wide) in paragraph at lines 55--59
(\TU/lmr/m/it/10 or-
 []


Overfull \hbox (13.29001pt too wide) in paragraph at lines 55--59
\TU/lmr/m/it/10 ga-
 []


Overfull \hbox (12.27pt too wide) in paragraph at lines 55--59
\TU/lmr/m/it/10 ni-
 []


Overfull \hbox (12.78pt too wide) in paragraph at lines 55--59
\TU/lmr/m/it/10 za-
 []


Overfull \hbox (14.31001pt too wide) in paragraph at lines 55--59
\TU/lmr/m/it/10 ção
 []


Overfull \hbox (4.6pt too wide) in paragraph at lines 55--59
\TU/lmr/m/it/10 e
 []


Overfull \hbox (13.8pt too wide) in paragraph at lines 55--59
\TU/lmr/m/it/10 ap-
 []


Overfull \hbox (11.89001pt too wide) in paragraph at lines 55--59
\TU/lmr/m/it/10 re-
 []


Overfull \hbox (17.89pt too wide) in paragraph at lines 55--59
\TU/lmr/m/it/10 sen-
 []


Overfull \hbox (22.92001pt too wide) in paragraph at lines 55--59
\TU/lmr/m/it/10 tação\nullfont ) 
 []


Overfull \hbox (17.38pt too wide) in paragraph at lines 55--59
(\TU/lmr/m/it/10 pos-
 []


Overfull \hbox (11.76001pt too wide) in paragraph at lines 55--59
\TU/lmr/m/it/10 fá-
 []


Overfull \hbox (12.96pt too wide) in paragraph at lines 55--59
\TU/lmr/m/it/10 cio\nullfont )
 []

! Undefined control sequence.
l.62               {\small
                        \noindent{}Xª edição}
The control sequence at the end of the top line
of your error message was never \def'ed. If you have
misspelled it (e.g., `\hobx'), type `I' and the correct
spelling (e.g., `I\hbox'). Otherwise just continue,
and I'll forget about whatever was undefined.


! LaTeX Error: Missing \begin{document}.

See the LaTeX manual or LaTeX Companion for explanation.
Type  H <return>  for immediate help.
 ...                                              
                                                  
l.62               {\small\noindent
                                 {}Xª edição}
You're in trouble here.  Try typing  <return>  to proceed.
If that doesn't work, type  X <return>  to quit.

! Undefined control sequence.
l.66               \newfontfamily
                               \timesnewroman{Times New Roman}
The control sequence at the end of the top line
of your error message was never \def'ed. If you have
misspelled it (e.g., `\hobx'), type `I' and the correct
spelling (e.g., `I\hbox'). Otherwise just continue,
and I'll forget about whatever was undefined.

! Undefined control sequence.
l.66               \newfontfamily\timesnewroman
                                             {Times New Roman}
The control sequence at the end of the top line
of your error message was never \def'ed. If you have
misspelled it (e.g., `\hobx'), type `I' and the correct
spelling (e.g., `I\hbox'). Otherwise just continue,
and I'll forget about whatever was undefined.


! LaTeX Error: Missing \begin{document}.

See the LaTeX manual or LaTeX Companion for explanation.
Type  H <return>  for immediate help.
 ...                                              
                                                  
l.66               \newfontfamily\timesnewroman{T
                                               imes New Roman}
You're in trouble here.  Try typing  <return>  to proceed.
If that doesn't work, type  X <return>  to quit.

! Undefined control sequence.
l.67 ...t\fontsize{30}{40}\selectfont \timesnewroman
                                                   hedra}
The control sequence at the end of the top line
of your error message was never \def'ed. If you have
misspelled it (e.g., `\hobx'), type `I' and the correct
spelling (e.g., `I\hbox'). Otherwise just continue,
and I'll forget about whatever was undefined.


Overfull \hbox (20.0pt too wide) in paragraph at lines 66--68
[]Times
 []


Overfull \hbox (67.23pt too wide) in paragraph at lines 66--68
\TU/lmr/m/n/30 hedra 
 []

! Undefined control sequence.
l.69               {\selectfont\small
                                   \noindent São Paulo \quad\the\year}
The control sequence at the end of the top line
of your error message was never \def'ed. If you have
misspelled it (e.g., `\hobx'), type `I' and the correct
spelling (e.g., `I\hbox'). Otherwise just continue,
and I'll forget about whatever was undefined.


! LaTeX Error: Missing \begin{document}.

See the LaTeX manual or LaTeX Companion for explanation.
Type  H <return>  for immediate help.
 ...                                              
                                                  
l.69               {\selectfont\small\noindent
                                             São Paulo \quad\the\year}
You're in trouble here.  Try typing  <return>  to proceed.
If that doesn't work, type  X <return>  to quit.


Overfull \hbox (15.56pt too wide) in paragraph at lines 69--70
\TU/lmr/m/n/10 São
 []


Overfull \hbox (24.87pt too wide) in paragraph at lines 69--70
\TU/lmr/m/n/10 Paulo
 []


Overfull \hbox (20.0pt too wide) in paragraph at lines 69--70
\TU/lmr/m/n/10 2025 
 []

)
! Emergency stop.
<*> 3-rosto.tex
            
*** (job aborted, no legal \end found)



Here is how much of LuaTeX's memory you used:
 24 strings out of 476447
 100000,1977958 words of node,token memory allocated 2624 words of node memory still in use:
   30 hlist, 1 rule, 10 disc, 7 local_par, 1 dir, 95 glue, 11 kern, 27 penalty, 
142 glyph, 33 attribute, 39 glue_spec, 33 attribute_list nodes
   avail lists: 1:1,2:3,4:4,5:5,7:4,10:3
 22238 multiletter control sequences out of 65536+600000
 18 fonts using 1118495 bytes
 15i,1n,20p,122b,90s stack positions out of 10000i,1000n,20000p,200000b,200000s
!  ==> Fatal error occurred, no output PDF file produced!
